[22956] 2021-05-16T19:50:06.610Z [31merror[39m: uncaughtException: Cannot find module './lib/util'
Require stack:
- C:\Users\dusha\Code\great-ape\server\app.js
Error: Cannot find module './lib/util'
Require stack:
- C:\Users\dusha\Code\great-ape\server\app.js
    at Function.Module._resolveFilename (internal/modules/cjs/loader.js:965:15)
    at Function.Module._load (internal/modules/cjs/loader.js:841:27)
    at Module.require (internal/modules/cjs/loader.js:1025:19)
    at require (internal/modules/cjs/helpers.js:72:18)
    at Object.<anonymous> (C:\Users\dusha\Code\great-ape\server\app.js:13:13)
    at Module._compile (internal/modules/cjs/loader.js:1137:30)
    at Object.Module._extensions..js (internal/modules/cjs/loader.js:1157:10)
    at Module.load (internal/modules/cjs/loader.js:985:32)
    at Function.Module._load (internal/modules/cjs/loader.js:878:14)
    at Function.executeUserEntryPoint [as runMain] (internal/modules/run_main.js:71:12)
    at internal/main/run_main_module.js:17:47 - Error: Cannot find module './lib/util'
Require stack:
- C:\Users\dusha\Code\great-ape\server\app.js
    at Function.Module._resolveFilename (internal/modules/cjs/loader.js:965:15)
    at Function.Module._load (internal/modules/cjs/loader.js:841:27)
    at Module.require (internal/modules/cjs/loader.js:1025:19)
    at require (internal/modules/cjs/helpers.js:72:18)
    at Object.<anonymous> (C:\Users\dusha\Code\great-ape\server\app.js:13:13)
    at Module._compile (internal/modules/cjs/loader.js:1137:30)
    at Object.Module._extensions..js (internal/modules/cjs/loader.js:1157:10)
    at Module.load (internal/modules/cjs/loader.js:985:32)
    at Function.Module._load (internal/modules/cjs/loader.js:878:14)
    at Function.executeUserEntryPoint [as runMain] (internal/modules/run_main.js:71:12)
    at internal/main/run_main_module.js:17:47
[12724] 2021-05-16T19:50:19.451Z [31merror[39m: uncaughtException: Cannot find module 'express-acl'
Require stack:
- C:\Users\dusha\Code\great-ape\server\app.js
Error: Cannot find module 'express-acl'
Require stack:
- C:\Users\dusha\Code\great-ape\server\app.js
    at Function.Module._resolveFilename (internal/modules/cjs/loader.js:965:15)
    at Function.Module._load (internal/modules/cjs/loader.js:841:27)
    at Module.require (internal/modules/cjs/loader.js:1025:19)
    at require (internal/modules/cjs/helpers.js:72:18)
    at Object.<anonymous> (C:\Users\dusha\Code\great-ape\server\app.js:17:11)
    at Module._compile (internal/modules/cjs/loader.js:1137:30)
    at Object.Module._extensions..js (internal/modules/cjs/loader.js:1157:10)
    at Module.load (internal/modules/cjs/loader.js:985:32)
    at Function.Module._load (internal/modules/cjs/loader.js:878:14)
    at Function.executeUserEntryPoint [as runMain] (internal/modules/run_main.js:71:12)
    at internal/main/run_main_module.js:17:47 - Error: Cannot find module 'express-acl'
Require stack:
- C:\Users\dusha\Code\great-ape\server\app.js
    at Function.Module._resolveFilename (internal/modules/cjs/loader.js:965:15)
    at Function.Module._load (internal/modules/cjs/loader.js:841:27)
    at Module.require (internal/modules/cjs/loader.js:1025:19)
    at require (internal/modules/cjs/helpers.js:72:18)
    at Object.<anonymous> (C:\Users\dusha\Code\great-ape\server\app.js:17:11)
    at Module._compile (internal/modules/cjs/loader.js:1137:30)
    at Object.Module._extensions..js (internal/modules/cjs/loader.js:1157:10)
    at Module.load (internal/modules/cjs/loader.js:985:32)
    at Function.Module._load (internal/modules/cjs/loader.js:878:14)
    at Function.executeUserEntryPoint [as runMain] (internal/modules/run_main.js:71:12)
    at internal/main/run_main_module.js:17:47
[20532] 2021-05-16T19:56:23.415Z [32minfo[39m: Worker 20532: Listening on port 4000, in dev 
[20532] 2021-05-16T19:56:23.418Z [31merror[39m: Error: error reading first path in the walk C:\Users\dusha\Code\great-ape\schemas\Error: ENOENT: no such file or directory, lstat 'C:\Users\dusha\Code\great-ape\schemas\'
 - trace: at EventEmitter.<anonymous> (C:\Users\dusha\Code\great-ape\server\node_modules\walkdir\walkdir.js:265:28)
    at Object.onceWrapper (events.js:422:26)
    at EventEmitter.emit (events.js:315:20)
    at fn (C:\Users\dusha\Code\great-ape\server\node_modules\walkdir\walkdir.js:100:17)
    at statter (C:\Users\dusha\Code\great-ape\server\node_modules\walkdir\walkdir.js:137:7)
    at walkdir (C:\Users\dusha\Code\great-ape\server\node_modules\walkdir\walkdir.js:269:3)
    at Function.walkdir.sync (C:\Users\dusha\Code\great-ape\server\node_modules\walkdir\walkdir.js:15:10)
    at App.initSchemas (C:\Users\dusha\Code\great-ape\server\app.js:277:35)
    at App.onListening (C:\Users\dusha\Code\great-ape\server\app.js:309:14)
    at Server.emit (events.js:315:20)
    at emitListeningNT (net.js:1347:10)
    at processTicksAndRejections (internal/process/task_queues.js:83:21) 
[20532] 2021-05-16T19:56:23.421Z [32minfo[39m: Worker 20532: [Express]: Initialized 
[20532] 2021-05-16T19:59:36.001Z [32minfo[39m: Worker 20532: Shutting down... 
[20532] 2021-05-16T19:59:36.002Z [33mwarn[39m: Shutdown in progress... (Close again to force shutdown) 
[23836] 2021-05-16T19:59:39.110Z [32minfo[39m: Worker 23836: Listening on port 4000, in dev 
[23836] 2021-05-16T19:59:39.113Z [31merror[39m: Error: error reading first path in the walk C:\Users\dusha\Code\great-ape\schemas\Error: ENOENT: no such file or directory, lstat 'C:\Users\dusha\Code\great-ape\schemas\'
 - trace: at EventEmitter.<anonymous> (C:\Users\dusha\Code\great-ape\server\node_modules\walkdir\walkdir.js:265:28)
    at Object.onceWrapper (events.js:422:26)
    at EventEmitter.emit (events.js:315:20)
    at fn (C:\Users\dusha\Code\great-ape\server\node_modules\walkdir\walkdir.js:100:17)
    at statter (C:\Users\dusha\Code\great-ape\server\node_modules\walkdir\walkdir.js:137:7)
    at walkdir (C:\Users\dusha\Code\great-ape\server\node_modules\walkdir\walkdir.js:269:3)
    at Function.walkdir.sync (C:\Users\dusha\Code\great-ape\server\node_modules\walkdir\walkdir.js:15:10)
    at App.initSchemas (C:\Users\dusha\Code\great-ape\server\app.js:277:35)
    at App.onListening (C:\Users\dusha\Code\great-ape\server\app.js:309:14)
    at Server.emit (events.js:315:20)
    at emitListeningNT (net.js:1347:10)
    at processTicksAndRejections (internal/process/task_queues.js:83:21) 
[23836] 2021-05-16T19:59:39.116Z [32minfo[39m: Worker 23836: [Express]: Initialized 
[23836] 2021-05-16T20:00:06.016Z [32minfo[39m: Worker 23836: Shutting down... 
[23836] 2021-05-16T20:00:06.017Z [33mwarn[39m: Shutdown in progress... (Close again to force shutdown) 
[14840] 2021-05-16T20:00:07.439Z [32minfo[39m: Worker 14840: Listening on port 4000, in dev 
[14840] 2021-05-16T20:00:07.446Z [31merror[39m: ReferenceError: userAvatarSchema is not defined - trace: at Object.<anonymous> (C:\Users\dusha\Code\great-ape\server\schemas\Test.schema.js:15:1)
    at Module._compile (internal/modules/cjs/loader.js:1137:30)
    at Object.Module._extensions..js (internal/modules/cjs/loader.js:1157:10)
    at Module.load (internal/modules/cjs/loader.js:985:32)
    at Function.Module._load (internal/modules/cjs/loader.js:878:14)
    at Module.require (internal/modules/cjs/loader.js:1025:19)
    at require (internal/modules/cjs/helpers.js:72:18)
    at C:\Users\dusha\Code\great-ape\server\app.js:281:58
    at Array.forEach (<anonymous>)
    at App.initSchemas (C:\Users\dusha\Code\great-ape\server\app.js:280:23)
    at App.onListening (C:\Users\dusha\Code\great-ape\server\app.js:309:14)
    at Server.emit (events.js:315:20)
    at emitListeningNT (net.js:1347:10)
    at processTicksAndRejections (internal/process/task_queues.js:83:21) 
[14840] 2021-05-16T20:00:07.450Z [32minfo[39m: Worker 14840: [Express]: Initialized 
[14840] 2021-05-16T20:00:19.167Z [32minfo[39m: Worker 14840: Shutting down... 
[14840] 2021-05-16T20:00:19.168Z [33mwarn[39m: Shutdown in progress... (Close again to force shutdown) 
[22872] 2021-05-16T20:00:21.741Z [32minfo[39m: Worker 22872: Listening on port 4000, in dev 
[22872] 2021-05-16T20:00:21.753Z [32minfo[39m: Worker 22872: [Schemas]: Initialized 
[22872] 2021-05-16T20:00:21.753Z [32minfo[39m: Worker 22872: [Express]: Initialized 
[22872] 2021-05-16T20:01:26.632Z [32minfo[39m: Worker 22872: Shutting down... 
[22872] 2021-05-16T20:01:26.634Z [33mwarn[39m: Shutdown in progress... (Close again to force shutdown) 
[14052] 2021-05-16T20:06:38.427Z [32minfo[39m: Worker 14052: Listening on port 4000, in dev 
[14052] 2021-05-16T20:06:38.438Z [32minfo[39m: Worker 14052: [Schemas]: Initialized 
[14052] 2021-05-16T20:06:38.439Z [32minfo[39m: Worker 14052: [Express]: Initialized 
[14052] 2021-05-16T20:10:41.649Z [32minfo[39m: Worker 14052: Shutting down... 
[14052] 2021-05-16T20:10:41.651Z [33mwarn[39m: Shutdown in progress... (Close again to force shutdown) 
[18476] 2021-05-16T20:10:44.052Z [32minfo[39m: Worker 18476: Listening on port 4000, in dev 
[18476] 2021-05-16T20:10:44.065Z [32minfo[39m: Worker 18476: [Schemas]: Initialized 
[18476] 2021-05-16T20:10:44.066Z [32minfo[39m: Worker 18476: [Express]: Initialized 
[18476] 2021-05-16T20:11:19.921Z [32minfo[39m: Worker 18476: Shutting down... 
[18476] 2021-05-16T20:11:19.923Z [33mwarn[39m: Shutdown in progress... (Close again to force shutdown) 
[24812] 2021-05-16T20:11:22.097Z [32minfo[39m: Worker 24812: Listening on port 4000, in dev 
[24812] 2021-05-16T20:11:22.109Z [32minfo[39m: Worker 24812: [Schemas]: Initialized 
[24812] 2021-05-16T20:11:22.110Z [32minfo[39m: Worker 24812: [Express]: Initialized 
[24812] 2021-05-16T20:13:24.849Z [32minfo[39m: Worker 24812: Shutting down... 
[24812] 2021-05-16T20:13:24.850Z [33mwarn[39m: Shutdown in progress... (Close again to force shutdown) 
[17712] 2021-05-16T20:13:27.332Z [32minfo[39m: Worker 17712: Listening on port 4000, in dev 
[17712] 2021-05-16T20:13:27.343Z [32minfo[39m: Worker 17712: [Schemas]: Initialized 
[17712] 2021-05-16T20:13:27.344Z [32minfo[39m: Worker 17712: [Express]: Initialized 
[17712] 2021-05-16T20:13:52.289Z [32minfo[39m: Worker 17712: Shutting down... 
[17712] 2021-05-16T20:13:52.290Z [33mwarn[39m: Shutdown in progress... (Close again to force shutdown) 
[25992] 2021-05-16T20:13:58.246Z [32minfo[39m: Worker 25992: Listening on port 4000, in dev 
[25992] 2021-05-16T20:13:58.257Z [32minfo[39m: Worker 25992: [Schemas]: Initialized 
[25992] 2021-05-16T20:13:58.258Z [32minfo[39m: Worker 25992: [Express]: Initialized 
[25992] 2021-05-16T20:14:07.641Z [32minfo[39m: Worker 25992: Shutting down... 
[25992] 2021-05-16T20:14:07.642Z [33mwarn[39m: Shutdown in progress... (Close again to force shutdown) 
[22864] 2021-05-16T20:14:10.227Z [32minfo[39m: Worker 22864: Listening on port 4000, in dev 
[22864] 2021-05-16T20:14:10.237Z [32minfo[39m: Worker 22864: [Schemas]: Initialized 
[22864] 2021-05-16T20:14:10.238Z [32minfo[39m: Worker 22864: [Express]: Initialized 
[22864] 2021-05-16T20:14:28.833Z [32minfo[39m: Worker 22864: Shutting down... 
[22864] 2021-05-16T20:14:28.834Z [33mwarn[39m: Shutdown in progress... (Close again to force shutdown) 
[13816] 2021-05-16T20:14:30.832Z [32minfo[39m: Worker 13816: Listening on port 4000, in dev 
[13816] 2021-05-16T20:14:30.843Z [32minfo[39m: Worker 13816: [Schemas]: Initialized 
[13816] 2021-05-16T20:14:30.844Z [32minfo[39m: Worker 13816: [Express]: Initialized 
[13816] 2021-05-16T20:15:47.401Z [32minfo[39m: Worker 13816: Shutting down... 
[13816] 2021-05-16T20:15:47.402Z [33mwarn[39m: Shutdown in progress... (Close again to force shutdown) 
[21376] 2021-05-16T20:15:49.418Z [32minfo[39m: Worker 21376: Listening on port 4000, in dev 
[21376] 2021-05-16T20:15:49.430Z [32minfo[39m: Worker 21376: [Schemas]: Initialized 
[21376] 2021-05-16T20:15:49.430Z [32minfo[39m: Worker 21376: [Express]: Initialized 
[21376] 2021-05-16T20:16:07.864Z [32minfo[39m: Worker 21376: Shutting down... 
[21376] 2021-05-16T20:16:07.865Z [33mwarn[39m: Shutdown in progress... (Close again to force shutdown) 
[14756] 2021-05-16T20:16:10.113Z [32minfo[39m: Worker 14756: Listening on port 4000, in dev 
[14756] 2021-05-16T20:16:10.131Z [32minfo[39m: Worker 14756: [Schemas]: Initialized 
[14756] 2021-05-16T20:16:10.132Z [32minfo[39m: Worker 14756: [Express]: Initialized 
[14756] 2021-05-16T20:17:20.737Z [32minfo[39m: Worker 14756: Shutting down... 
[14756] 2021-05-16T20:17:20.738Z [33mwarn[39m: Shutdown in progress... (Close again to force shutdown) 
[14756] 2021-05-16T20:17:20.897Z [32minfo[39m: Worker 14756: Shutting down... 
[25116] 2021-05-16T20:17:23.645Z [32minfo[39m: Worker 25116: Listening on port 4000, in dev 
[25116] 2021-05-16T20:17:23.658Z [32minfo[39m: Worker 25116: [Schemas]: Initialized 
[25116] 2021-05-16T20:17:23.659Z [32minfo[39m: Worker 25116: [Express]: Initialized 
[25116] 2021-05-16T20:19:06.729Z [32minfo[39m: Worker 25116: Shutting down... 
[25116] 2021-05-16T20:19:06.730Z [33mwarn[39m: Shutdown in progress... (Close again to force shutdown) 
[25116] 2021-05-16T20:19:06.897Z [32minfo[39m: Worker 25116: Shutting down... 
[6720] 2021-05-16T20:19:08.940Z [32minfo[39m: Worker 6720: Listening on port 4000, in dev 
[6720] 2021-05-16T20:19:08.954Z [32minfo[39m: Worker 6720: [Schemas]: Initialized 
[6720] 2021-05-16T20:19:08.954Z [32minfo[39m: Worker 6720: [Express]: Initialized 
[6720] 2021-05-16T20:20:32.025Z [32minfo[39m: Worker 6720: Shutting down... 
[6720] 2021-05-16T20:20:32.026Z [33mwarn[39m: Shutdown in progress... (Close again to force shutdown) 
[25408] 2021-05-16T20:20:34.386Z [32minfo[39m: Worker 25408: Listening on port 4000, in dev 
[25408] 2021-05-16T20:20:34.397Z [32minfo[39m: Worker 25408: [Schemas]: Initialized 
[25408] 2021-05-16T20:20:34.397Z [32minfo[39m: Worker 25408: [Express]: Initialized 
[25408] 2021-05-16T20:20:42.489Z [32minfo[39m: Worker 25408: Shutting down... 
[25408] 2021-05-16T20:20:42.490Z [33mwarn[39m: Shutdown in progress... (Close again to force shutdown) 
[25408] 2021-05-16T20:20:42.742Z [32minfo[39m: Worker 25408: Shutting down... 
[24584] 2021-05-16T20:33:22.621Z [32minfo[39m: Worker 24584: Listening on port 4000, in dev 
[24584] 2021-05-16T20:33:22.632Z [32minfo[39m: Worker 24584: [Schemas]: Initialized 
[24584] 2021-05-16T20:33:22.634Z [32minfo[39m: Worker 24584: [Express]: Initialized 
[24584] 2021-05-16T20:33:33.314Z [32minfo[39m: Worker 24584: Shutting down... 
[24584] 2021-05-16T20:33:33.314Z [33mwarn[39m: Shutdown in progress... (Close again to force shutdown) 
[7760] 2021-05-16T20:33:40.146Z [32minfo[39m: Worker 7760: Listening on port 4000, in dev 
[7760] 2021-05-16T20:33:40.156Z [32minfo[39m: Worker 7760: [Schemas]: Initialized 
[7760] 2021-05-16T20:33:40.158Z [32minfo[39m: Worker 7760: [Express]: Initialized 
[7760] 2021-05-16T20:33:45.386Z [32minfo[39m: Worker 7760: Shutting down... 
[7760] 2021-05-16T20:33:45.387Z [33mwarn[39m: Shutdown in progress... (Close again to force shutdown) 
[7760] 2021-05-16T20:33:45.546Z [32minfo[39m: Worker 7760: Shutting down... 
[25192] 2021-05-16T21:01:41.755Z [32minfo[39m: Worker 25192: Listening on port 3000, in dev 
[25192] 2021-05-16T21:01:41.766Z [32minfo[39m: Worker 25192: [Schemas]: Initialized 
[25192] 2021-05-16T21:01:41.768Z [32minfo[39m: Worker 25192: [Express]: Initialized 
[25192] 2021-05-16T21:01:44.355Z [32minfo[39m: Worker 25192: Shutting down... 
[25192] 2021-05-16T21:01:44.356Z [33mwarn[39m: Shutdown in progress... (Close again to force shutdown) 
